<?xml version="1.0" encoding="UTF-8"?>
<!-- Generated by org.testng.reporters.JUnitReportReporter -->
<testsuite hostname="SHILIN2C83" name="example.NewTest" tests="1" failures="0" timestamp="19 Mar 2020 09:53:16 GMT" time="6.824" errors="0">
  <testcase name="test" time="6.824" classname="example.NewTest"/>
</testsuite> <!-- example.NewTest -->
