<?xml version="1.0" encoding="UTF-8"?>
<!-- Generated by org.testng.reporters.JUnitReportReporter -->
<testsuite hostname="SHILIN2C83" name="example.NewTest" tests="1" failures="0" timestamp="26 Mar 2020 08:01:18 GMT" time="8.420" errors="0">
  <testcase name="test" time="8.420" classname="example.NewTest"/>
</testsuite> <!-- example.NewTest -->
