<?xml version="1.0" encoding="UTF-8"?>
<!-- Generated by org.testng.reporters.JUnitReportReporter -->
<testsuite hostname="SHILIN2C83" name="example.NewTest" tests="1" failures="0" timestamp="26 Mar 2020 07:56:08 GMT" time="5.673" errors="0">
  <testcase name="test" time="5.673" classname="example.NewTest"/>
</testsuite> <!-- example.NewTest -->
